[2019-08-01 17:30:48] [33mhttp[39m: GET / [36m304[0m 237.637 ms
[2019-08-02 09:46:10] [33mhttp[39m: GET / [36m304[0m 232.794 ms
[2019-08-05 16:53:02] [33mhttp[39m: GET / [32m200[0m 203.245 ms
[2019-08-05 16:53:05] [33mhttp[39m: GET /favicon.ico [33m404[0m 11.708 ms
[2019-08-05 16:59:05] [33mhttp[39m: GET / [36m304[0m 199.769 ms
[2019-08-05 17:14:37] [33mhttp[39m: GET / [36m304[0m 299.950 ms
[2019-08-05 17:14:53] [33mhttp[39m: GET / [36m304[0m 138.031 ms
[2019-08-05 17:15:07] [33mhttp[39m: GET / [36m304[0m 224.573 ms
[2019-08-05 17:17:20] [33mhttp[39m: GET / [36m304[0m 200.537 ms
[2019-08-05 17:17:47] [33mhttp[39m: GET / [36m304[0m 224.512 ms
[2019-08-05 17:19:05] [33mhttp[39m: GET / [36m304[0m 180.786 ms
[2019-08-05 17:19:31] [33mhttp[39m: GET / [36m304[0m 157.639 ms
[2019-08-05 17:20:52] [33mhttp[39m: GET / [36m304[0m 243.015 ms
[2019-08-05 17:21:56] [33mhttp[39m: GET / [36m304[0m 223.016 ms
[2019-08-05 17:22:26] [33mhttp[39m: GET / [36m304[0m 227.192 ms
[2019-08-05 17:23:58] [33mhttp[39m: GET / [36m304[0m 237.986 ms
[2019-08-05 17:25:11] [33mhttp[39m: GET / [36m304[0m 226.678 ms
[2019-08-05 17:31:25] [33mhttp[39m: GET / [36m304[0m 232.379 ms
[2019-08-05 17:32:37] [33mhttp[39m: GET / [36m304[0m 240.833 ms
[2019-08-05 17:33:36] [33mhttp[39m: GET / [36m304[0m 242.149 ms
[2019-08-05 17:33:49] [33mhttp[39m: GET / [36m304[0m 246.505 ms
[2019-08-05 17:33:54] [33mhttp[39m: GET / [36m304[0m 145.543 ms
[2019-08-05 17:54:18] [33mhttp[39m: GET / [36m304[0m 220.890 ms
[2019-08-05 17:54:23] [33mhttp[39m: GET /articles/new [36m302[0m 30.362 ms
[2019-08-05 17:54:23] [33mhttp[39m: GET /login [32m200[0m 90.474 ms
[2019-08-05 17:59:11] [33mhttp[39m: GET /login [32m200[0m 171.436 ms
[2019-08-05 17:59:26] [33mhttp[39m: GET / [36m304[0m 185.200 ms
[2019-08-05 17:59:28] [33mhttp[39m: GET /articles/new [36m302[0m 23.789 ms
[2019-08-05 17:59:29] [33mhttp[39m: GET /login [32m200[0m 105.319 ms
[2019-08-05 18:00:22] [33mhttp[39m: GET /login [32m200[0m 180.628 ms
[2019-08-05 18:00:24] [33mhttp[39m: GET / [36m304[0m 163.949 ms
[2019-08-05 18:00:25] [33mhttp[39m: GET /articles/new [36m302[0m 12.611 ms
[2019-08-05 18:00:25] [33mhttp[39m: GET /login [32m200[0m 100.634 ms
[2019-08-05 20:48:23] [33mhttp[39m: GET /login [32m200[0m 175.812 ms
[2019-08-05 20:48:28] [33mhttp[39m: GET /login [32m200[0m 101.929 ms
[2019-08-05 20:48:40] [33mhttp[39m: GET / [36m304[0m 179.403 ms
[2019-08-05 20:48:42] [33mhttp[39m: GET /articles/new [36m302[0m 8.443 ms
[2019-08-05 20:48:42] [33mhttp[39m: GET /login [32m200[0m 93.427 ms
[2019-08-05 20:49:01] [33mhttp[39m: POST /users/session [36m302[0m 32.220 ms
[2019-08-05 20:49:01] [33mhttp[39m: GET /login [32m200[0m 82.021 ms
[2019-08-05 20:49:43] [33mhttp[39m: GET /login [32m200[0m 185.454 ms
[2019-08-05 20:49:48] [33mhttp[39m: GET /login [32m200[0m 139.670 ms
[2019-08-05 20:49:54] [33mhttp[39m: GET / [36m304[0m 184.990 ms
[2019-08-05 20:49:56] [33mhttp[39m: GET /articles/new [36m302[0m 13.215 ms
[2019-08-05 20:49:56] [33mhttp[39m: GET /login [32m200[0m 108.873 ms
[2019-08-05 20:50:19] [33mhttp[39m: GET /login [32m200[0m 104.068 ms
[2019-08-05 20:57:33] [33mhttp[39m: GET /users/session [33m404[0m 36.861 ms
[2019-08-05 20:58:54] [33mhttp[39m: GET /articles/new [36m302[0m 3.731 ms
[2019-08-05 20:58:55] [33mhttp[39m: GET /login [32m200[0m 166.871 ms
[2019-08-07 13:46:29] [33mhttp[39m: GET /login [32m200[0m 104.702 ms
[2019-08-07 14:24:52] [33mhttp[39m: GET /login [32m200[0m 141.822 ms
[2019-08-07 14:29:29] [33mhttp[39m: POST /users/session [36m302[0m 59.403 ms
[2019-08-07 14:29:29] [33mhttp[39m: GET /login [32m200[0m 150.147 ms
[2019-08-07 14:31:39] [33mhttp[39m: GET /login [32m200[0m 93.230 ms
[2019-08-07 14:38:11] [33mhttp[39m: GET /login [32m200[0m 158.359 ms
[2019-08-07 14:38:46] [33mhttp[39m: GET /login [32m200[0m 175.527 ms
[2019-08-07 14:39:01] [33mhttp[39m: POST /users/session [36m302[0m 55.140 ms
[2019-08-07 14:39:01] [33mhttp[39m: GET /login [32m200[0m 132.855 ms
[2019-08-07 14:39:25] [33mhttp[39m: GET /login [32m200[0m 185.039 ms
[2019-08-07 14:59:19] [33mhttp[39m: GET /login [32m200[0m 170.519 ms
[2019-08-07 14:59:28] [33mhttp[39m: GET /login [32m200[0m 135.129 ms
[2019-08-07 14:59:43] [33mhttp[39m: GET /login [32m200[0m 177.222 ms
[2019-08-07 14:59:50] [33mhttp[39m: GET / [36m304[0m 212.442 ms
[2019-08-07 14:59:52] [33mhttp[39m: GET / [36m304[0m 150.129 ms
[2019-08-07 15:01:08] [33mhttp[39m: GET / [36m304[0m 142.183 ms
[2019-08-07 15:01:11] [33mhttp[39m: GET /login [32m200[0m 108.599 ms
[2019-08-07 15:01:13] [33mhttp[39m: GET /login [32m200[0m 77.646 ms
[2019-08-07 15:20:16] [33mhttp[39m: POST /users/session [36m302[0m 62.922 ms
[2019-08-07 15:20:16] [33mhttp[39m: GET /login [32m200[0m 211.641 ms
[2019-08-07 15:20:25] [33mhttp[39m: POST /users/session [36m302[0m 15.036 ms
[2019-08-07 15:20:26] [33mhttp[39m: GET /login [32m200[0m 165.763 ms
[2019-08-07 15:20:30] [33mhttp[39m: POST /users/session [36m302[0m 5.729 ms
[2019-08-07 15:20:31] [33mhttp[39m: GET /login [32m200[0m 127.652 ms
[2019-08-07 15:20:44] [33mhttp[39m: POST /users/session [36m302[0m 6.985 ms
[2019-08-07 15:20:44] [33mhttp[39m: GET /login [32m200[0m 94.969 ms
[2019-08-07 15:23:44] [33mhttp[39m: GET /login [32m200[0m 98.817 ms
[2019-08-07 15:23:48] [33mhttp[39m: POST /users/session [36m302[0m 4.127 ms
[2019-08-07 15:23:48] [33mhttp[39m: GET /login [32m200[0m 87.521 ms
[2019-08-07 15:24:03] [33mhttp[39m: GET /login [32m200[0m 68.181 ms
[2019-08-07 15:24:11] [33mhttp[39m: POST /users/session [36m302[0m 4.156 ms
[2019-08-07 15:24:11] [33mhttp[39m: GET /login [32m200[0m 62.712 ms
[2019-08-07 15:26:02] [33mhttp[39m: POST /users/session [36m302[0m 46.157 ms
[2019-08-07 15:26:02] [33mhttp[39m: GET /login [32m200[0m 169.773 ms
[2019-08-07 15:28:42] [33mhttp[39m: GET /login [32m200[0m 157.343 ms
[2019-08-07 15:30:02] [33mhttp[39m: GET /login [32m200[0m 202.549 ms
[2019-08-07 15:30:06] [33mhttp[39m: POST /users/session [36m302[0m 55.482 ms
[2019-08-07 15:30:06] [33mhttp[39m: GET /login [32m200[0m 151.288 ms
[2019-08-07 15:32:25] [33mhttp[39m: GET /login [32m200[0m 202.273 ms
[2019-08-07 15:32:29] [33mhttp[39m: POST /users/session [36m302[0m 68.274 ms
[2019-08-07 15:32:29] [33mhttp[39m: GET /login [32m200[0m 155.000 ms
[2019-08-07 15:32:55] [33mhttp[39m: GET /login [32m200[0m 166.635 ms
[2019-08-07 15:32:57] [33mhttp[39m: POST /users/session [36m302[0m 23.668 ms
[2019-08-07 15:32:58] [33mhttp[39m: GET /login [32m200[0m 163.689 ms
[2019-08-07 15:33:08] [33mhttp[39m: GET /login [32m200[0m 216.151 ms
[2019-08-07 15:33:11] [33mhttp[39m: POST /users/session [36m302[0m 80.105 ms
[2019-08-07 15:33:11] [33mhttp[39m: GET /login [32m200[0m 142.029 ms
[2019-08-07 15:35:03] [33mhttp[39m: POST /users/session [36m302[0m 68.641 ms
[2019-08-07 15:35:03] [33mhttp[39m: GET /login [32m200[0m 196.606 ms
[2019-08-07 15:35:22] [33mhttp[39m: GET /login [32m200[0m 154.655 ms
[2019-08-07 15:36:21] [33mhttp[39m: GET /login [32m200[0m 141.237 ms
[2019-08-07 15:37:45] [33mhttp[39m: GET /login [0mundefined[0m - ms
[2019-08-07 15:37:53] [33mhttp[39m: GET /login [0mundefined[0m - ms
[2019-08-07 15:37:56] [33mhttp[39m: GET /login [0mundefined[0m - ms
[2019-08-07 15:38:04] [33mhttp[39m: GET /login [32m200[0m 196.997 ms
[2019-08-07 15:45:12] [33mhttp[39m: GET /login [32m200[0m 222.459 ms
[2019-08-07 15:47:46] [33mhttp[39m: POST /users/session [0mundefined[0m - ms
[2019-08-07 15:50:12] [33mhttp[39m: POST /users/session [0mundefined[0m - ms
[2019-08-07 15:50:12] [33mhttp[39m: GET /users [33m404[0m 23.746 ms
[2019-08-07 15:51:39] [33mhttp[39m: GET /login [32m200[0m 169.087 ms
[2019-08-07 15:51:44] [33mhttp[39m: POST /users/session [36m302[0m 50.581 ms
[2019-08-07 15:51:44] [33mhttp[39m: GET /login [32m200[0m 107.365 ms
[2019-08-07 15:52:46] [33mhttp[39m: GET /login [32m200[0m 174.532 ms
[2019-08-07 15:53:03] [33mhttp[39m: GET /users/session [33m404[0m 34.959 ms
[2019-08-07 15:53:08] [33mhttp[39m: POST /users/session [36m302[0m 46.352 ms
[2019-08-07 15:53:08] [33mhttp[39m: GET /login [32m200[0m 179.398 ms
[2019-08-07 15:53:27] [33mhttp[39m: POST /users/session [36m302[0m 57.344 ms
[2019-08-07 15:53:27] [33mhttp[39m: GET /login [32m200[0m 161.746 ms
[2019-08-07 15:53:30] [33mhttp[39m: GET /login [32m200[0m 127.350 ms
[2019-08-07 15:53:34] [33mhttp[39m: POST /users/session [36m302[0m 14.729 ms
[2019-08-07 15:53:34] [33mhttp[39m: GET /login [32m200[0m 115.840 ms
[2019-08-07 15:53:47] [33mhttp[39m: POST /users/session [36m302[0m 13.795 ms
[2019-08-07 15:53:47] [33mhttp[39m: GET /login [32m200[0m 110.841 ms
[2019-08-07 16:12:46] [33mhttp[39m: GET /login [32m200[0m 182.058 ms
[2019-08-07 16:13:17] [33mhttp[39m: GET /users/session [33m404[0m 37.049 ms
[2019-08-07 16:13:22] [33mhttp[39m: GET /login [32m200[0m 168.318 ms
[2019-08-07 16:14:28] [33mhttp[39m: GET /login [32m200[0m 140.719 ms
[2019-08-07 16:14:31] [33mhttp[39m: POST /users/session [36m302[0m 45.615 ms
[2019-08-07 16:14:31] [33mhttp[39m: GET /login [32m200[0m 105.111 ms
[2019-08-07 16:14:53] [33mhttp[39m: GET /login [32m200[0m 194.842 ms
[2019-08-07 16:15:18] [33mhttp[39m: POST /users/session [36m302[0m 50.586 ms
[2019-08-07 16:15:18] [33mhttp[39m: GET /login [32m200[0m 143.912 ms
[2019-08-07 16:15:49] [33mhttp[39m: GET /login [32m200[0m 129.332 ms
[2019-08-07 16:16:59] [33mhttp[39m: POST /users/session [36m302[0m 18.305 ms
[2019-08-07 16:16:59] [33mhttp[39m: GET /login [32m200[0m 106.245 ms
[2019-08-08 10:50:11] [33mhttp[39m: GET /login [32m200[0m 187.021 ms
[2019-08-08 10:52:22] [33mhttp[39m: GET /login [32m200[0m 172.565 ms
[2019-08-08 10:53:37] [33mhttp[39m: GET /login [31m500[0m 159.262 ms
[2019-08-08 10:53:56] [33mhttp[39m: GET /login [32m200[0m 170.046 ms
[2019-08-08 10:54:21] [33mhttp[39m: GET /login [32m200[0m 137.604 ms
[2019-08-08 10:54:33] [33mhttp[39m: GET /login [32m200[0m 173.997 ms
[2019-08-08 10:55:18] [33mhttp[39m: GET /login [32m200[0m 134.016 ms
[2019-08-08 11:04:24] [33mhttp[39m: GET /login [32m200[0m 198.522 ms
[2019-08-08 11:35:38] [33mhttp[39m: GET /login [32m200[0m 208.622 ms
[2019-08-08 11:46:29] [33mhttp[39m: GET /login [32m200[0m 200.233 ms
[2019-08-08 13:46:13] [33mhttp[39m: GET /login [32m200[0m 161.324 ms
[2019-08-08 13:47:22] [33mhttp[39m: POST /users/session [36m302[0m 70.115 ms
[2019-08-08 13:47:23] [33mhttp[39m: GET /login [32m200[0m 152.614 ms
[2019-08-08 13:47:38] [33mhttp[39m: POST /users/session [36m302[0m 37.613 ms
[2019-08-08 13:47:38] [33mhttp[39m: GET /login [32m200[0m 118.453 ms
[2019-08-08 13:55:02] [33mhttp[39m: GET /login [32m200[0m 183.583 ms
[2019-08-08 14:05:36] [33mhttp[39m: POST /users/session [36m302[0m 72.083 ms
[2019-08-08 14:05:36] [33mhttp[39m: GET /login [32m200[0m 193.178 ms
[2019-08-08 14:10:27] [33mhttp[39m: POST /users/session [36m302[0m 90.156 ms
[2019-08-08 14:10:27] [33mhttp[39m: GET /login [32m200[0m 186.755 ms
[2019-08-08 14:11:03] [33mhttp[39m: POST /users/session [36m302[0m 37.298 ms
[2019-08-08 14:11:03] [33mhttp[39m: GET /login [32m200[0m 148.333 ms
[2019-08-08 14:11:06] [33mhttp[39m: GET /login [32m200[0m 126.750 ms
[2019-08-08 14:11:13] [33mhttp[39m: POST /users/session [36m302[0m 31.993 ms
[2019-08-08 14:11:13] [33mhttp[39m: GET /login [32m200[0m 112.960 ms
[2019-08-08 14:11:24] [33mhttp[39m: GET /login [32m200[0m 185.077 ms
[2019-08-08 14:11:27] [33mhttp[39m: POST /users/session [36m302[0m 67.795 ms
[2019-08-08 14:11:27] [33mhttp[39m: GET /login [32m200[0m 123.215 ms
[2019-08-08 14:15:09] [33mhttp[39m: GET /login [32m200[0m 190.592 ms
[2019-08-08 14:15:51] [33mhttp[39m: POST /users/session [36m302[0m 87.878 ms
[2019-08-08 14:15:52] [33mhttp[39m: GET /login [32m200[0m 158.229 ms
[2019-08-08 15:11:26] [33mhttp[39m: GET /login [32m200[0m 184.376 ms
[2019-08-08 15:11:34] [33mhttp[39m: POST /users/session [36m302[0m 63.573 ms
[2019-08-08 15:11:34] [33mhttp[39m: GET /login [32m200[0m 123.181 ms
[2019-08-08 15:22:02] [33mhttp[39m: POST /users/session [36m302[0m 73.868 ms
[2019-08-08 15:22:02] [33mhttp[39m: GET /login [32m200[0m 177.532 ms
[2019-08-08 15:40:09] [33mhttp[39m: GET /login [32m200[0m 177.509 ms
[2019-08-08 15:40:12] [33mhttp[39m: POST /users/session [36m302[0m 66.447 ms
[2019-08-08 15:40:13] [33mhttp[39m: GET /login [32m200[0m 107.147 ms
[2019-08-08 15:46:13] [33mhttp[39m: POST /users/session [36m302[0m 75.115 ms
[2019-08-08 15:46:13] [33mhttp[39m: GET /login [32m200[0m 182.882 ms
[2019-08-08 15:47:33] [33mhttp[39m: GET /login [32m200[0m 191.608 ms
[2019-08-08 15:47:36] [33mhttp[39m: POST /users/session [36m302[0m 56.442 ms
[2019-08-08 15:47:36] [33mhttp[39m: GET /login [32m200[0m 107.241 ms
[2019-08-08 15:50:04] [33mhttp[39m: POST /users/session [36m302[0m 68.491 ms
[2019-08-08 15:50:04] [33mhttp[39m: GET /login [32m200[0m 183.880 ms
[2019-08-08 15:52:45] [33mhttp[39m: POST /users/session [36m302[0m 69.936 ms
[2019-08-08 15:52:45] [33mhttp[39m: GET /login [32m200[0m 188.366 ms
[2019-08-08 16:05:17] [33mhttp[39m: POST /users/session [36m302[0m 50.713 ms
[2019-08-08 16:05:17] [33mhttp[39m: GET /login [32m200[0m 188.608 ms
[2019-08-08 16:05:49] [33mhttp[39m: POST /users/session [36m302[0m 61.032 ms
[2019-08-08 16:05:50] [33mhttp[39m: GET /login [32m200[0m 176.665 ms
[2019-08-08 16:06:20] [33mhttp[39m: POST /users/session [36m302[0m 58.983 ms
[2019-08-08 16:06:20] [33mhttp[39m: GET /login [32m200[0m 184.038 ms
[2019-08-08 16:07:31] [33mhttp[39m: GET /login [32m200[0m 221.039 ms
[2019-08-08 16:07:34] [33mhttp[39m: POST /users/session [36m302[0m 66.687 ms
[2019-08-08 16:07:34] [33mhttp[39m: GET /login [32m200[0m 141.307 ms
[2019-08-08 16:08:01] [33mhttp[39m: POST /users/session [36m302[0m 31.012 ms
[2019-08-08 16:08:01] [33mhttp[39m: GET /login [32m200[0m 158.287 ms
[2019-08-08 16:09:48] [33mhttp[39m: GET /login [32m200[0m 207.075 ms
[2019-08-08 16:10:03] [33mhttp[39m: POST /users/session [36m302[0m 65.090 ms
[2019-08-08 16:10:03] [33mhttp[39m: GET /login [32m200[0m 138.008 ms
[2019-08-08 16:14:42] [33mhttp[39m: GET /login [32m200[0m 144.332 ms
[2019-08-08 16:14:50] [33mhttp[39m: POST /users/session [36m302[0m 59.284 ms
[2019-08-08 16:14:50] [33mhttp[39m: GET /login [32m200[0m 186.764 ms
[2019-08-08 16:15:08] [33mhttp[39m: GET /login [32m200[0m 131.301 ms
[2019-08-08 16:15:26] [33mhttp[39m: POST /users/session [36m302[0m 52.183 ms
[2019-08-08 16:15:26] [33mhttp[39m: GET /login [32m200[0m 160.275 ms
[2019-08-08 16:16:35] [33mhttp[39m: GET /signup [32m200[0m 143.737 ms
[2019-08-08 16:18:02] [33mhttp[39m: POST /users [36m302[0m 90.084 ms
[2019-08-08 16:18:02] [33mhttp[39m: GET / [32m200[0m 163.202 ms
[2019-08-08 17:19:40] [33mhttp[39m: GET / [36m304[0m 154.476 ms
[2019-08-08 17:21:46] [33mhttp[39m: GET /signup [32m200[0m 108.258 ms
[2019-08-08 17:31:09] [33mhttp[39m: GET /signup [32m200[0m 122.414 ms
[2019-08-08 17:33:50] [33mhttp[39m: GET / [36m304[0m 117.543 ms
[2019-08-08 17:33:55] [33mhttp[39m: GET / [36m304[0m 97.322 ms
[2019-08-08 17:46:38] [33mhttp[39m: GET /signup [32m200[0m 208.088 ms
[2019-08-08 17:46:49] [33mhttp[39m: POST /users [32m200[0m 202.703 ms
[2019-08-08 17:47:17] [33mhttp[39m: POST /users [36m302[0m 64.963 ms
[2019-08-08 17:47:18] [33mhttp[39m: GET / [32m200[0m 214.994 ms
[2019-08-08 17:48:59] [33mhttp[39m: POST /users [36m302[0m 132.562 ms
[2019-08-08 17:48:59] [33mhttp[39m: GET / [32m200[0m 216.564 ms
[2019-08-08 17:51:11] [33mhttp[39m: POST /users [32m200[0m 233.962 ms
[2019-08-08 18:48:04] [33mhttp[39m: POST /users [32m200[0m 275.931 ms
[2019-08-08 19:13:30] [33mhttp[39m: POST /users [36m302[0m 110.644 ms
[2019-08-08 19:13:30] [33mhttp[39m: GET / [32m200[0m 221.675 ms
[2019-08-08 19:16:34] [33mhttp[39m: GET / [36m304[0m 237.279 ms
[2019-08-08 19:16:43] [33mhttp[39m: POST /users [36m302[0m 98.466 ms
[2019-08-08 19:16:43] [33mhttp[39m: GET / [32m200[0m 179.144 ms
[2019-08-08 19:20:16] [33mhttp[39m: POST /users [36m302[0m 28491.274 ms
[2019-08-08 19:20:16] [33mhttp[39m: GET / [32m200[0m 199.980 ms
[2019-08-08 19:21:01] [33mhttp[39m: POST /users [36m302[0m 11728.445 ms
[2019-08-08 19:21:01] [33mhttp[39m: GET / [32m200[0m 205.887 ms
[2019-08-08 19:21:15] [33mhttp[39m: GET / [36m304[0m 249.305 ms
[2019-08-08 19:21:17] [33mhttp[39m: POST /users [32m200[0m 152.679 ms
[2019-08-08 19:41:06] [33mhttp[39m: GET /users [33m404[0m 60.489 ms
[2019-08-08 19:41:13] [33mhttp[39m: GET / [36m304[0m 224.870 ms
[2019-08-08 19:41:19] [33mhttp[39m: GET / [36m304[0m 142.909 ms
[2019-08-08 19:44:01] [33mhttp[39m: GET / [36m304[0m 140.677 ms
[2019-08-08 19:49:26] [33mhttp[39m: GET / [32m200[0m 95.002 ms
[2019-08-08 19:49:58] [33mhttp[39m: GET / [36m304[0m 85.436 ms
[2019-08-08 19:50:01] [33mhttp[39m: GET / [36m304[0m 83.187 ms
[2019-08-08 19:51:34] [33mhttp[39m: GET / [36m304[0m 238.751 ms
[2019-08-08 19:53:23] [33mhttp[39m: GET / [36m304[0m 187.200 ms
[2019-08-08 20:01:12] [33mhttp[39m: GET /articles/new [36m302[0m 15.212 ms
[2019-08-08 20:01:12] [33mhttp[39m: GET /login [32m200[0m 129.071 ms
[2019-08-08 20:01:21] [33mhttp[39m: GET /login [32m200[0m 111.686 ms
[2019-08-08 20:04:53] [33mhttp[39m: POST /users/session [36m302[0m 57.309 ms
[2019-08-08 20:04:54] [33mhttp[39m: GET /articles/new [32m200[0m 120.229 ms
[2019-08-08 20:05:06] [33mhttp[39m: GET /articles/new [32m200[0m 134.639 ms
[2019-08-08 20:05:22] [33mhttp[39m: GET /articles/new [32m200[0m 138.639 ms
[2019-08-08 20:05:27] [33mhttp[39m: GET / [32m200[0m 193.998 ms
[2019-08-08 20:05:28] [33mhttp[39m: GET /articles/new [32m200[0m 79.044 ms
[2019-08-08 20:05:38] [33mhttp[39m: GET / [36m304[0m 118.111 ms
[2019-08-08 20:05:54] [33mhttp[39m: GET / [32m200[0m 95.793 ms
[2019-08-08 20:05:56] [33mhttp[39m: GET /articles/new [36m302[0m 2.325 ms
[2019-08-08 20:05:56] [33mhttp[39m: GET /login [32m200[0m 62.562 ms
[2019-08-08 20:06:09] [33mhttp[39m: POST /users/session [36m302[0m 9.295 ms
[2019-08-08 20:06:10] [33mhttp[39m: GET /articles/new [32m200[0m 131.765 ms
[2019-08-08 20:06:14] [33mhttp[39m: GET /articles/new [32m200[0m 108.802 ms
[2019-08-08 20:06:23] [33mhttp[39m: GET /articles/new [32m200[0m 116.210 ms
[2019-08-08 20:06:36] [33mhttp[39m: GET /articles/new [32m200[0m 117.715 ms
[2019-08-08 20:15:13] [33mhttp[39m: GET /articles/new [32m200[0m 111.919 ms
[2019-08-09 09:56:27] [33mhttp[39m: GET /articles/new [32m200[0m 200.429 ms
[2019-08-09 09:57:03] [33mhttp[39m: GET / [36m304[0m 209.978 ms
[2019-08-09 09:57:04] [33mhttp[39m: GET /favicon.ico [33m404[0m 10.126 ms
[2019-08-09 09:57:09] [33mhttp[39m: GET /articles/new [36m302[0m 2.856 ms
[2019-08-09 09:57:09] [33mhttp[39m: GET /login [32m200[0m 105.598 ms
[2019-08-09 09:58:18] [33mhttp[39m: POST /users/session [36m302[0m 76.249 ms
[2019-08-09 09:58:18] [33mhttp[39m: GET /articles/new [32m200[0m 196.109 ms
[2019-08-09 09:58:24] [33mhttp[39m: GET /articles/new [32m200[0m 122.217 ms
[2019-08-09 09:58:46] [33mhttp[39m: GET /articles/new [32m200[0m 114.638 ms
[2019-08-09 10:02:16] [33mhttp[39m: GET /articles/new [32m200[0m 189.306 ms
[2019-08-09 10:02:21] [33mhttp[39m: GET /logout [36m302[0m 10.153 ms
[2019-08-09 10:02:21] [33mhttp[39m: GET /login [32m200[0m 125.509 ms
[2019-08-09 10:02:26] [33mhttp[39m: GET /login [32m200[0m 111.142 ms
[2019-08-09 10:04:51] [33mhttp[39m: GET /login [32m200[0m 173.543 ms
[2019-08-09 10:04:57] [33mhttp[39m: GET /login [32m200[0m 119.795 ms
[2019-08-09 10:05:04] [33mhttp[39m: POST /users/session [36m302[0m 47.498 ms
[2019-08-09 10:05:04] [33mhttp[39m: GET / [32m200[0m 199.720 ms
[2019-08-09 10:05:13] [33mhttp[39m: GET / [36m304[0m 145.067 ms
[2019-08-09 10:05:53] [33mhttp[39m: GET / [36m304[0m 130.818 ms
[2019-08-09 10:05:56] [33mhttp[39m: GET / [36m304[0m 108.640 ms
[2019-08-09 10:06:03] [33mhttp[39m: GET /logout [36m302[0m 6.159 ms
[2019-08-09 10:06:03] [33mhttp[39m: GET /login [32m200[0m 81.255 ms
[2019-08-09 10:06:11] [33mhttp[39m: POST /users/session [36m302[0m 8.078 ms
[2019-08-09 10:06:11] [33mhttp[39m: GET / [36m304[0m 117.300 ms
[2019-08-09 10:06:15] [33mhttp[39m: GET / [36m304[0m 85.803 ms
[2019-08-09 10:06:19] [33mhttp[39m: GET / [32m200[0m 80.260 ms
[2019-08-09 10:06:34] [33mhttp[39m: GET / [36m304[0m 104.584 ms
[2019-08-09 10:06:38] [33mhttp[39m: GET /articles/new [36m302[0m 4.004 ms
[2019-08-09 10:06:38] [33mhttp[39m: GET /login [32m200[0m 73.558 ms
[2019-08-09 10:06:46] [33mhttp[39m: POST /users/session [36m302[0m 9.062 ms
[2019-08-09 10:06:46] [33mhttp[39m: GET /articles/new [32m200[0m 94.557 ms
[2019-08-09 10:07:55] [33mhttp[39m: GET / [32m200[0m 148.099 ms
[2019-08-09 10:08:00] [33mhttp[39m: GET /articles/new [32m200[0m 81.537 ms
[2019-08-09 10:44:42] [33mhttp[39m: GET /articles/new [32m200[0m 196.674 ms
[2019-08-09 10:44:56] [33mhttp[39m: GET /articles/new [36m302[0m 6.311 ms
[2019-08-09 10:44:57] [33mhttp[39m: GET /login [32m200[0m 111.106 ms
[2019-08-09 10:49:55] [33mhttp[39m: GET /login [32m200[0m 163.502 ms
[2019-08-09 10:50:07] [33mhttp[39m: GET /login [32m200[0m 121.544 ms
[2019-08-09 11:50:14] [33mhttp[39m: GET /login [32m200[0m 19718.065 ms
[2019-08-09 12:00:51] [33mhttp[39m: GET /login [32m200[0m 629417.362 ms
[2019-08-09 12:10:47] [33mhttp[39m: GET /login [32m200[0m 236.854 ms
[2019-08-09 12:15:18] [33mhttp[39m: GET /login [32m200[0m 225850.633 ms
[2019-08-09 12:15:28] [33mhttp[39m: GET /login [32m200[0m 10147.341 ms
[2019-08-09 12:18:01] [33mhttp[39m: GET /login [32m200[0m 175.142 ms
[2019-08-09 12:18:07] [33mhttp[39m: GET /login [32m200[0m 104.942 ms
[2019-08-09 13:58:44] [33mhttp[39m: GET /login [32m200[0m 180.748 ms
[2019-08-09 14:07:39] [33mhttp[39m: GET /login [32m200[0m 178.974 ms
[2019-08-09 14:08:23] [33mhttp[39m: GET /login [32m200[0m 199.496 ms
[2019-08-09 14:11:22] [33mhttp[39m: GET /login [32m200[0m 198.951 ms
[2019-08-09 14:12:50] [33mhttp[39m: GET /login [32m200[0m 202.657 ms
[2019-08-09 14:16:41] [33mhttp[39m: GET /login [32m200[0m 238.586 ms
[2019-08-09 14:25:09] [33mhttp[39m: GET /login [32m200[0m 297.146 ms
[2019-08-09 14:56:37] [33mhttp[39m: POST /users/session [36m302[0m 122.894 ms
[2019-08-09 14:56:37] [33mhttp[39m: GET / [36m304[0m 283.255 ms
[2019-08-09 14:56:39] [33mhttp[39m: GET /articles/new [32m200[0m 206.132 ms
[2019-08-09 14:56:52] [33mhttp[39m: POST /articles [36m302[0m 125.716 ms
[2019-08-09 14:56:52] [33mhttp[39m: GET /articles/5d4d1934d67f4d03abed5200 [32m200[0m 245.693 ms
[2019-08-09 14:57:17] [33mhttp[39m: POST /articles/5d4d1934d67f4d03abed5200/comments [36m302[0m 738.812 ms
[2019-08-09 14:57:17] [33mhttp[39m: GET /articles/5d4d1934d67f4d03abed5200 [32m200[0m 191.594 ms
[2019-08-09 14:57:21] [33mhttp[39m: GET /articles/5d4d1934d67f4d03abed5200 [32m200[0m 154.755 ms
[2019-08-09 14:57:24] [33mhttp[39m: GET / [32m200[0m 181.026 ms
[2019-08-09 15:04:28] [33mhttp[39m: GET / [36m304[0m 507.804 ms
[2019-08-09 15:04:32] [33mhttp[39m: GET / [36m304[0m 206.396 ms
[2019-08-09 15:05:20] [33mhttp[39m: GET / [36m304[0m 326.688 ms
[2019-08-09 15:06:22] [33mhttp[39m: GET / [36m304[0m 335.831 ms
[2019-08-09 15:11:42] [33mhttp[39m: GET /login [32m200[0m 298.649 ms
[2019-08-09 15:20:07] [33mhttp[39m: GET / [32m200[0m 375.440 ms
[2019-08-09 15:20:20] [33mhttp[39m: GET /tags/sdf [32m200[0m 209.041 ms
[2019-08-09 15:20:23] [33mhttp[39m: GET /users/5d4bdabad519777b7c5676ff [32m200[0m 172.124 ms
[2019-08-09 15:20:31] [33mhttp[39m: GET /articles/5d4d1934d67f4d03abed5200 [32m200[0m 191.359 ms
[2019-08-09 15:20:54] [33mhttp[39m: GET /login [32m200[0m 183.909 ms
[2019-08-09 15:28:42] [33mhttp[39m: POST /users/session [36m302[0m 115.304 ms
[2019-08-09 15:28:43] [33mhttp[39m: GET / [36m304[0m 224.814 ms
[2019-08-09 15:31:10] [33mhttp[39m: GET / [36m304[0m 256.588 ms
[2019-08-09 15:37:12] [33mhttp[39m: GET / [36m304[0m 382.980 ms
[2019-08-09 15:39:22] [33mhttp[39m: GET / [36m304[0m 332.113 ms
[2019-08-09 15:44:11] [33mhttp[39m: GET / [36m304[0m 467.384 ms
[2019-08-09 15:46:47] [33mhttp[39m: GET / [36m304[0m 255.758 ms
[2019-08-09 15:50:45] [33mhttp[39m: GET / [36m304[0m 195.397 ms
[2019-08-09 15:52:20] [33mhttp[39m: GET /articles/5d4d1934d67f4d03abed5200 [32m200[0m 165.933 ms
[2019-08-09 15:52:39] [33mhttp[39m: GET /users/5d4bdabad519777b7c5676ff [36m304[0m 105.651 ms
[2019-08-09 15:52:43] [33mhttp[39m: GET /articles/new [32m200[0m 92.783 ms
[2019-08-09 15:53:03] [33mhttp[39m: POST /articles [36m302[0m 49.421 ms
[2019-08-09 15:53:03] [33mhttp[39m: GET /articles/5d4d265fe38fbc070b563ee2 [32m200[0m 136.045 ms
[2019-08-09 15:53:12] [33mhttp[39m: GET /users/5d4bdabad519777b7c5676ff [36m304[0m 86.298 ms
[2019-08-09 15:53:13] [33mhttp[39m: GET /articles/new [32m200[0m 85.815 ms
[2019-08-09 15:53:14] [33mhttp[39m: GET / [32m200[0m 93.063 ms
[2019-08-09 15:53:25] [33mhttp[39m: GET /tags/%E5%8F%8C%E6%96%B9%E9%83%BD [32m200[0m 184.701 ms
[2019-08-09 16:02:59] [33mhttp[39m: GET / [36m304[0m 321.250 ms
[2019-08-09 16:05:33] [33mhttp[39m: GET / [36m304[0m 245.580 ms
[2019-08-09 16:10:35] [33mhttp[39m: GET / [0mundefined[0m - ms
[2019-08-09 16:11:40] [33mhttp[39m: GET / [36m304[0m 64526.745 ms
[2019-08-09 16:12:34] [33mhttp[39m: GET / [36m304[0m 509.626 ms
[2019-08-09 16:12:34] [33mhttp[39m: GET / [36m304[0m 291.972 ms
[2019-08-09 16:15:05] [33mhttp[39m: GET / [36m304[0m 261.257 ms
[2019-08-09 16:15:39] [33mhttp[39m: GET / [36m304[0m 271.308 ms
[2019-08-09 16:16:05] [33mhttp[39m: GET / [36m304[0m 338.085 ms
[2019-08-09 16:16:37] [33mhttp[39m: GET / [36m304[0m 247.935 ms
[2019-08-09 16:17:03] [33mhttp[39m: GET / [36m304[0m 253.242 ms
[2019-08-09 16:20:05] [33mhttp[39m: GET / [36m304[0m 201.554 ms
[2019-08-09 16:20:28] [33mhttp[39m: GET / [36m304[0m 237.070 ms
[2019-08-09 17:21:17] [33mhttp[39m: GET / [32m200[0m 255.471 ms
[2019-08-09 17:21:44] [33mhttp[39m: GET / [36m304[0m 378.460 ms
[2019-08-09 17:29:38] [33mhttp[39m: GET / [36m304[0m 226.837 ms
[2019-08-09 17:35:33] [33mhttp[39m: GET / [36m304[0m 242.080 ms
[2019-08-09 17:35:59] [33mhttp[39m: GET / [36m304[0m 240.521 ms
[2019-08-09 17:39:39] [33mhttp[39m: GET / [36m304[0m 246.310 ms
[2019-08-12 11:21:56] [33mhttp[39m: GET / [36m304[0m 219.848 ms
[2019-08-12 11:22:24] [33mhttp[39m: GET / [36m304[0m 219.141 ms
[2019-08-12 11:23:13] [33mhttp[39m: GET / [36m304[0m 270.632 ms
[2019-08-12 11:24:15] [33mhttp[39m: GET / [36m304[0m 249.139 ms
[2019-08-12 15:03:47] [33mhttp[39m: GET / [36m304[0m 241.312 ms
[2019-08-12 15:04:20] [33mhttp[39m: GET /login [32m200[0m 116.230 ms
[2019-08-12 15:04:23] [33mhttp[39m: GET /signup [32m200[0m 93.816 ms
[2019-08-12 15:08:50] [33mhttp[39m: GET /signup [32m200[0m 6.056 ms
[2019-08-12 15:09:59] [33mhttp[39m: GET /signup [32m200[0m 81.432 ms
[2019-08-12 15:13:52] [33mhttp[39m: GET /signup [36m304[0m 65.421 ms
[2019-08-12 15:14:20] [33mhttp[39m: GET /signup [31m500[0m 97.004 ms
[2019-08-12 15:14:26] [33mhttp[39m: GET /signup [31m500[0m 104.057 ms
[2019-08-12 15:17:33] [33mhttp[39m: GET /signup [32m200[0m 52.940 ms
[2019-08-12 15:17:49] [33mhttp[39m: GET /signup [31m500[0m 114.132 ms
[2019-08-12 15:17:56] [33mhttp[39m: GET /signup [31m500[0m 99.485 ms
[2019-08-12 15:18:03] [33mhttp[39m: GET /signup [32m200[0m 70.740 ms
[2019-08-12 15:18:28] [33mhttp[39m: GET /signup [31m500[0m 213.482 ms
[2019-08-12 15:18:43] [33mhttp[39m: GET /signup [32m200[0m 114.572 ms
[2019-08-12 15:18:47] [33mhttp[39m: GET /signup [32m200[0m 89.256 ms
[2019-08-12 15:19:00] [33mhttp[39m: GET /signup [32m200[0m 112.389 ms
[2019-08-12 15:19:16] [33mhttp[39m: GET /login [32m200[0m 109.747 ms
[2019-08-12 15:19:19] [33mhttp[39m: GET /signup [32m200[0m 92.338 ms
[2019-08-12 15:19:20] [33mhttp[39m: GET /favicon.ico [33m404[0m 10.074 ms
[2019-08-12 15:20:23] [33mhttp[39m: GET /signup [32m200[0m 103.221 ms
[2019-08-12 15:20:43] [33mhttp[39m: GET /signup [31m500[0m 138.330 ms
[2019-08-12 15:21:01] [33mhttp[39m: GET /signup [31m500[0m 98.446 ms
[2019-08-12 15:21:13] [33mhttp[39m: GET /signup [31m500[0m 75.251 ms
[2019-08-12 15:21:21] [33mhttp[39m: GET /signup [32m200[0m 80.429 ms
[2019-08-12 15:22:04] [33mhttp[39m: GET /signup [31m500[0m 64.940 ms
[2019-08-12 15:22:12] [33mhttp[39m: GET /signup [32m200[0m 7.450 ms
[2019-08-12 15:22:23] [33mhttp[39m: GET /signup [36m304[0m 6.974 ms
[2019-08-12 15:22:35] [33mhttp[39m: GET /signup [32m200[0m 59.775 ms
[2019-08-12 15:22:41] [33mhttp[39m: GET /signup [36m304[0m 96.717 ms
[2019-08-12 15:34:47] [33mhttp[39m: GET /signup [36m304[0m 117.462 ms
[2019-08-12 15:35:09] [33mhttp[39m: GET /signup [36m304[0m 104.401 ms
[2019-08-12 15:35:19] [33mhttp[39m: GET /signup [36m304[0m 102.908 ms
[2019-08-12 15:36:07] [33mhttp[39m: GET /signup [32m200[0m 85.044 ms
[2019-08-12 15:36:43] [33mhttp[39m: GET /signup [31m500[0m 187.689 ms
[2019-08-12 15:37:41] [33mhttp[39m: GET /signup [32m200[0m 103.000 ms
[2019-08-12 15:37:58] [33mhttp[39m: GET /signup [32m200[0m 114.548 ms
[2019-08-12 15:38:43] [33mhttp[39m: GET /signup [32m200[0m 92.469 ms
[2019-08-12 15:39:33] [33mhttp[39m: GET /signup [32m200[0m 128.427 ms
[2019-08-12 15:41:01] [33mhttp[39m: GET /signup [32m200[0m 196.027 ms
[2019-08-12 15:42:31] [33mhttp[39m: GET /signup [32m200[0m 269.985 ms
[2019-08-12 15:43:56] [33mhttp[39m: GET /signup [32m200[0m 203.573 ms
[2019-08-12 15:48:43] [33mhttp[39m: POST /users [32m200[0m 187.145 ms
[2019-08-12 15:57:08] [33mhttp[39m: GET /users [33m404[0m 31.861 ms
[2019-08-12 15:57:17] [33mhttp[39m: POST /users [32m200[0m 223.705 ms
[2019-08-12 15:57:39] [33mhttp[39m: POST /users [32m200[0m 129.539 ms
[2019-08-12 15:57:41] [33mhttp[39m: POST /users [32m200[0m 105.109 ms
[2019-08-12 15:58:09] [33mhttp[39m: POST /users [32m200[0m 104.337 ms
[2019-08-12 16:04:32] [33mhttp[39m: GET /signup [32m200[0m 186.778 ms
[2019-08-12 16:05:22] [33mhttp[39m: POST /users [32m200[0m 227.000 ms
[2019-08-12 16:06:04] [33mhttp[39m: POST /users [32m200[0m 134.370 ms
[2019-08-12 16:06:44] [33mhttp[39m: POST /users [32m200[0m 211.331 ms
[2019-08-12 16:06:49] [33mhttp[39m: POST /users [32m200[0m 125.354 ms
[2019-08-12 16:08:07] [33mhttp[39m: POST /users [32m200[0m 254.753 ms
[2019-08-12 16:08:12] [33mhttp[39m: POST /users [32m200[0m 120.895 ms
[2019-08-12 16:08:38] [33mhttp[39m: POST /users [32m200[0m 212.745 ms
[2019-08-12 16:09:48] [33mhttp[39m: POST /users [32m200[0m 229.101 ms
[2019-08-12 16:14:11] [33mhttp[39m: POST /users [32m200[0m 228.647 ms
[2019-08-12 16:14:43] [33mhttp[39m: POST /users [32m200[0m 141.904 ms
[2019-08-12 16:15:03] [33mhttp[39m: POST /users [32m200[0m 233.658 ms
[2019-08-12 16:16:53] [33mhttp[39m: POST /users [32m200[0m 221.423 ms
[2019-08-12 16:21:23] [33mhttp[39m: POST /users [36m302[0m 77.030 ms
[2019-08-12 16:21:23] [33mhttp[39m: GET / [32m200[0m 212.939 ms
[2019-08-12 16:26:40] [33mhttp[39m: GET / [32m200[0m 250.961 ms
[2019-08-12 16:27:16] [33mhttp[39m: GET / [32m200[0m 144.343 ms
[2019-08-12 16:27:25] [33mhttp[39m: GET /articles/new [36m302[0m 8.824 ms
[2019-08-12 16:27:25] [33mhttp[39m: GET /login [32m200[0m 85.039 ms
[2019-08-12 16:28:10] [33mhttp[39m: GET / [36m304[0m 234.635 ms
[2019-08-12 16:30:55] [33mhttp[39m: GET /articles/new [36m302[0m 13.403 ms
[2019-08-12 16:30:55] [33mhttp[39m: GET /login [32m200[0m 102.278 ms
[2019-08-12 16:39:52] [33mhttp[39m: GET / [36m304[0m 224.517 ms
[2019-08-12 16:39:53] [33mhttp[39m: GET /articles/new [36m302[0m 16.267 ms
[2019-08-12 16:39:53] [33mhttp[39m: GET /login [32m200[0m 101.426 ms
[2019-08-12 16:40:35] [33mhttp[39m: GET /articles/new [36m302[0m 20.398 ms
[2019-08-12 16:40:35] [33mhttp[39m: GET /login [32m200[0m 164.783 ms
[2019-08-12 16:41:22] [33mhttp[39m: GET /articles/new [36m302[0m 28.423 ms
[2019-08-12 16:41:22] [33mhttp[39m: GET /login [32m200[0m 159.453 ms
[2019-08-12 16:41:54] [33mhttp[39m: GET /login [32m200[0m 129.384 ms
[2019-08-12 16:42:43] [33mhttp[39m: GET /login [32m200[0m 195.066 ms
[2019-08-12 16:43:31] [33mhttp[39m: GET /login [32m200[0m 143.921 ms
[2019-08-12 17:02:06] [33mhttp[39m: POST /users/session [36m302[0m 51.151 ms
[2019-08-12 17:02:06] [33mhttp[39m: GET /login [32m200[0m 193.589 ms
[2019-08-12 17:02:11] [33mhttp[39m: GET /login [32m200[0m 116.248 ms
[2019-08-12 17:02:36] [33mhttp[39m: GET /login [32m200[0m 186.851 ms
[2019-08-12 17:02:38] [33mhttp[39m: POST /users/session [36m302[0m 46.177 ms
[2019-08-12 17:02:39] [33mhttp[39m: GET /login [32m200[0m 134.524 ms
[2019-08-12 17:04:43] [33mhttp[39m: POST /users/session [36m302[0m 50.392 ms
[2019-08-12 17:04:43] [33mhttp[39m: GET /login [32m200[0m 196.913 ms
[2019-08-12 17:07:32] [33mhttp[39m: GET /login [32m200[0m 203.141 ms
[2019-08-12 17:07:39] [33mhttp[39m: POST /users/session [36m302[0m 46.438 ms
[2019-08-12 17:07:39] [33mhttp[39m: GET /login [32m200[0m 136.348 ms
[2019-08-12 17:09:03] [33mhttp[39m: GET /login [32m200[0m 198.901 ms
[2019-08-12 17:09:13] [33mhttp[39m: POST /users/session [36m302[0m 44.996 ms
[2019-08-12 17:09:13] [33mhttp[39m: GET /login [32m200[0m 125.864 ms
[2019-08-12 17:12:29] [33mhttp[39m: POST /users/session [36m302[0m 55.676 ms
[2019-08-12 17:12:29] [33mhttp[39m: GET /login [32m200[0m 208.739 ms
[2019-08-12 17:19:49] [33mhttp[39m: POST /users/session [36m302[0m 69.975 ms
[2019-08-12 17:19:50] [33mhttp[39m: GET /login [32m200[0m 313.081 ms
[2019-08-12 17:22:30] [33mhttp[39m: POST /users/session [36m302[0m 49.303 ms
[2019-08-12 17:22:30] [33mhttp[39m: GET /login [32m200[0m 218.147 ms
[2019-08-12 17:30:22] [33mhttp[39m: POST /users/session [36m302[0m 54.817 ms
[2019-08-12 17:30:22] [33mhttp[39m: GET /login [32m200[0m 291.379 ms
[2019-08-12 17:30:47] [33mhttp[39m: POST /users/session [36m302[0m 10.025 ms
[2019-08-12 17:30:48] [33mhttp[39m: GET /login [32m200[0m 161.053 ms
[2019-08-12 17:32:01] [33mhttp[39m: POST /users/session [36m302[0m 51.652 ms
[2019-08-12 17:32:01] [33mhttp[39m: GET /login [32m200[0m 276.399 ms
[2019-08-12 17:41:00] [33mhttp[39m: POST /users/session [36m302[0m 162461.633 ms
[2019-08-12 17:41:26] [33mhttp[39m: GET /login [32m200[0m 25512.008 ms
[2019-08-12 17:42:02] [33mhttp[39m: GET /login [32m200[0m 6967.128 ms
[2019-08-12 17:55:31] [33mhttp[39m: GET /login [32m200[0m 37051.348 ms
[2019-08-12 17:55:33] [33mhttp[39m: GET /login [32m200[0m 2195.311 ms
[2019-08-12 17:55:45] [33mhttp[39m: GET /login [32m200[0m 208.585 ms
[2019-08-12 17:56:04] [33mhttp[39m: GET /login [32m200[0m 193.754 ms
[2019-08-12 17:57:33] [33mhttp[39m: GET /login [32m200[0m 182.785 ms
[2019-08-12 17:57:40] [33mhttp[39m: GET /login [32m200[0m 156.577 ms
[2019-08-12 17:58:20] [33mhttp[39m: GET /login [32m200[0m 181.398 ms
[2019-08-12 17:58:34] [33mhttp[39m: GET /login [32m200[0m 178.738 ms
[2019-08-12 17:58:42] [33mhttp[39m: POST /users/session [36m302[0m 49.274 ms
[2019-08-12 17:58:42] [33mhttp[39m: GET /login [32m200[0m 137.671 ms
[2019-08-12 18:06:54] [33mhttp[39m: POST /users/session [36m302[0m 69488.295 ms
[2019-08-12 18:06:58] [33mhttp[39m: GET /login [32m200[0m 3068.569 ms
[2019-08-12 18:08:05] [33mhttp[39m: GET /login [32m200[0m 190.294 ms
[2019-08-12 18:08:32] [33mhttp[39m: POST /users/session [36m302[0m 58.842 ms
[2019-08-12 18:08:32] [33mhttp[39m: GET /login [32m200[0m 119.301 ms
[2019-08-12 18:09:11] [33mhttp[39m: GET /login [32m200[0m 178.382 ms
[2019-08-12 18:12:05] [33mhttp[39m: POST /users/session [36m302[0m 103263.853 ms
[2019-08-12 18:12:05] [33mhttp[39m: GET /login [32m200[0m 158.971 ms
[2019-08-12 18:13:37] [33mhttp[39m: GET /login [31m500[0m 166.095 ms
[2019-08-12 18:13:51] [33mhttp[39m: GET /login [32m200[0m 208.290 ms
[2019-08-12 18:14:25] [33mhttp[39m: GET /users/session [33m404[0m 36.781 ms
[2019-08-12 18:14:27] [33mhttp[39m: GET /users/session [33m404[0m 4.395 ms
[2019-08-12 18:14:40] [33mhttp[39m: GET /users/session [33m404[0m 31.995 ms
[2019-08-12 18:14:45] [33mhttp[39m: GET /login [32m200[0m 179.717 ms
[2019-08-12 18:15:00] [33mhttp[39m: GET /login [32m200[0m 135.548 ms
[2019-08-12 18:15:19] [33mhttp[39m: POST /users/session [36m302[0m 7512.644 ms
[2019-08-12 18:15:19] [33mhttp[39m: GET /login [32m200[0m 131.027 ms
[2019-08-12 18:15:29] [33mhttp[39m: GET /login [32m200[0m 109.228 ms
[2019-08-12 18:15:41] [33mhttp[39m: GET /login [32m200[0m 173.917 ms
[2019-08-12 18:15:44] [33mhttp[39m: POST /users/session [36m302[0m 44.253 ms
[2019-08-12 18:15:44] [33mhttp[39m: GET /login [32m200[0m 115.995 ms
[2019-08-12 18:24:03] [33mhttp[39m: POST /login [31m500[0m 200.615 ms
[2019-08-12 18:24:07] [33mhttp[39m: POST /login [31m500[0m 87.977 ms
[2019-08-12 18:24:22] [33mhttp[39m: POST /login [31m500[0m 148.747 ms
[2019-08-12 18:24:23] [33mhttp[39m: POST /login [31m500[0m 88.651 ms
[2019-08-12 18:24:34] [33mhttp[39m: GET /login [32m200[0m 134.616 ms
[2019-08-12 18:24:40] [33mhttp[39m: GET /login [32m200[0m 136.275 ms
[2019-08-12 18:24:56] [33mhttp[39m: GET /login [32m200[0m 126.782 ms
[2019-08-12 18:25:04] [33mhttp[39m: GET /login [32m200[0m 118.687 ms
[2019-08-12 18:25:16] [33mhttp[39m: GET /login [32m200[0m 189.087 ms
[2019-08-12 18:25:21] [33mhttp[39m: GET /login [32m200[0m 144.427 ms
[2019-08-12 18:26:21] [33mhttp[39m: GET /login [32m200[0m 198.151 ms
[2019-08-12 18:26:22] [33mhttp[39m: GET /login [32m200[0m 229.255 ms
[2019-08-12 18:26:22] [33mhttp[39m: GET /login [32m200[0m 111.256 ms
[2019-08-12 18:26:28] [33mhttp[39m: GET /login [32m200[0m 95.194 ms
[2019-08-12 18:26:33] [33mhttp[39m: POST /users/session [36m302[0m 52.584 ms
[2019-08-12 18:26:34] [33mhttp[39m: GET /login [32m200[0m 68.719 ms
[2019-08-12 18:27:36] [33mhttp[39m: GET /login [31m500[0m 147.792 ms
[2019-08-12 18:27:38] [33mhttp[39m: GET /login [31m500[0m 82.059 ms
[2019-08-12 18:27:39] [33mhttp[39m: GET /login [31m500[0m 88.252 ms
[2019-08-12 18:27:39] [33mhttp[39m: GET /login [31m500[0m 220.565 ms
[2019-08-12 18:27:39] [33mhttp[39m: GET /login [31m500[0m 147.798 ms
[2019-08-12 18:27:52] [33mhttp[39m: GET /login [32m200[0m 191.545 ms
[2019-08-12 18:27:53] [33mhttp[39m: GET /favicon.ico [33m404[0m 13.193 ms
[2019-08-12 18:27:58] [33mhttp[39m: GET /login [31m500[0m 164.965 ms
[2019-08-12 18:28:07] [33mhttp[39m: GET /login [32m200[0m 181.236 ms
[2019-08-12 18:28:21] [33mhttp[39m: GET /login [32m200[0m 180.539 ms
[2019-08-12 18:28:28] [33mhttp[39m: GET /login [32m200[0m 115.530 ms
[2019-08-12 19:02:58] [33mhttp[39m: GET /login [32m200[0m 174.134 ms
[2019-08-12 19:03:04] [33mhttp[39m: POST /users/session [36m302[0m 58.145 ms
[2019-08-12 19:03:04] [33mhttp[39m: GET /login [32m200[0m 122.874 ms
[2019-08-12 19:03:37] [33mhttp[39m: GET /login [32m200[0m 439.937 ms
[2019-08-12 19:03:40] [33mhttp[39m: POST /users/session [36m302[0m 53.812 ms
[2019-08-12 19:03:40] [33mhttp[39m: GET /login [32m200[0m 120.497 ms
[2019-08-12 19:04:10] [33mhttp[39m: GET /login [32m200[0m 178.359 ms
[2019-08-12 19:04:22] [33mhttp[39m: POST /users/session [36m302[0m 49.182 ms
[2019-08-12 19:04:22] [33mhttp[39m: GET /login [32m200[0m 120.279 ms
[2019-08-12 19:06:51] [33mhttp[39m: GET /login [32m200[0m 179.290 ms
[2019-08-12 19:06:57] [33mhttp[39m: GET /login [32m200[0m 121.173 ms
[2019-08-12 19:08:11] [33mhttp[39m: POST /users/session [36m302[0m 48.398 ms
[2019-08-12 19:08:12] [33mhttp[39m: GET /login [32m200[0m 151.869 ms
[2019-08-12 19:09:04] [33mhttp[39m: GET /login [32m200[0m 177.249 ms
[2019-08-12 19:09:08] [33mhttp[39m: GET /login [32m200[0m 111.117 ms
[2019-08-12 19:09:13] [33mhttp[39m: POST /users/session [36m302[0m 46.366 ms
[2019-08-12 19:09:13] [33mhttp[39m: GET /login [32m200[0m 102.000 ms
[2019-08-12 19:09:31] [33mhttp[39m: GET /login [32m200[0m 171.420 ms
[2019-08-12 19:09:37] [33mhttp[39m: POST /users/session [36m302[0m 46.257 ms
[2019-08-12 19:09:37] [33mhttp[39m: GET /login [32m200[0m 130.434 ms
[2019-08-12 19:10:22] [33mhttp[39m: GET /login [32m200[0m 173.505 ms
[2019-08-12 19:10:28] [33mhttp[39m: POST /users/session [36m302[0m 45.645 ms
[2019-08-12 19:10:28] [33mhttp[39m: GET /login [32m200[0m 125.631 ms
[2019-08-12 19:10:51] [33mhttp[39m: GET /login [32m200[0m 171.674 ms
[2019-08-12 19:10:57] [33mhttp[39m: POST /users/session [36m302[0m 47.782 ms
[2019-08-12 19:10:57] [33mhttp[39m: GET /login [32m200[0m 133.055 ms
[2019-08-12 19:23:40] [33mhttp[39m: GET /login [32m200[0m 70710.137 ms
[2019-08-12 19:27:58] [33mhttp[39m: POST /users/session [36m302[0m 240642.109 ms
[2019-08-12 19:32:04] [33mhttp[39m: GET /users/session [33m404[0m 86407.495 ms
[2019-08-12 19:32:05] [33mhttp[39m: GET /users/session [33m404[0m 1327.739 ms
[2019-08-12 19:32:18] [33mhttp[39m: GET /users/session [33m404[0m 56.626 ms
[2019-08-12 19:32:19] [33mhttp[39m: GET /users/session [33m404[0m 4.491 ms
[2019-08-12 19:32:20] [33mhttp[39m: GET /users/session [33m404[0m 2.276 ms
[2019-08-12 19:32:21] [33mhttp[39m: GET /users/session [33m404[0m 2.039 ms
[2019-08-12 19:32:21] [33mhttp[39m: GET /users/session [33m404[0m 2.321 ms
[2019-08-12 19:32:21] [33mhttp[39m: GET /users/session [33m404[0m 2.971 ms
[2019-08-12 19:32:21] [33mhttp[39m: GET /users/session [33m404[0m 1.889 ms
[2019-08-12 19:32:21] [33mhttp[39m: GET /users/session [33m404[0m 2.170 ms
[2019-08-12 19:32:27] [33mhttp[39m: GET /users/session [33m404[0m 2.715 ms
[2019-08-12 19:32:27] [33mhttp[39m: GET /favicon.ico [33m404[0m 4.446 ms
[2019-08-12 19:32:30] [33mhttp[39m: GET /login [32m200[0m 171.108 ms
[2019-08-12 19:35:10] [33mhttp[39m: GET /users/session [33m404[0m 9823.832 ms
[2019-08-12 19:35:50] [33mhttp[39m: POST /users/session [36m302[0m 32116.177 ms
[2019-08-12 19:35:57] [33mhttp[39m: GET /login [32m200[0m 6917.767 ms
[2019-08-12 19:36:06] [33mhttp[39m: GET /login [32m200[0m 5789.909 ms
[2019-08-12 19:44:26] [33mhttp[39m: GET /users/session [33m404[0m 11727.490 ms
[2019-08-12 19:44:27] [33mhttp[39m: GET /users/session [33m404[0m 649.289 ms
[2019-08-12 19:44:32] [33mhttp[39m: GET /users/session [33m404[0m 2854.797 ms
[2019-08-12 19:44:49] [33mhttp[39m: GET /users/session [33m404[0m 12918.608 ms
[2019-08-12 19:44:50] [33mhttp[39m: GET /login [32m200[0m 1148.996 ms
[2019-08-12 19:48:27] [33mhttp[39m: POST /users/session [36m302[0m 199561.899 ms
[2019-08-12 19:49:30] [33mhttp[39m: POST /users/session [36m302[0m 2796.581 ms
[2019-08-12 19:49:31] [33mhttp[39m: GET /login [32m200[0m 1432.118 ms
[2019-08-12 19:50:35] [33mhttp[39m: GET /login [32m200[0m 2471.316 ms
[2019-08-12 19:55:53] [33mhttp[39m: POST /users/session [36m302[0m 268554.479 ms
[2019-08-12 19:55:56] [33mhttp[39m: GET /login [32m200[0m 3640.028 ms
[2019-08-12 19:57:09] [33mhttp[39m: GET /signup [32m200[0m 177.223 ms
[2019-08-12 19:57:23] [33mhttp[39m: POST /users [36m302[0m 93.056 ms
[2019-08-12 19:57:23] [33mhttp[39m: GET / [32m200[0m 187.354 ms
[2019-08-12 19:59:12] [33mhttp[39m: GET / [36m304[0m 148.953 ms
[2019-08-12 20:00:41] [33mhttp[39m: GET / [36m304[0m 129.449 ms
[2019-08-12 20:00:47] [33mhttp[39m: GET / [32m200[0m 97.931 ms
[2019-08-12 20:00:52] [33mhttp[39m: GET /articles/new [36m302[0m 11.719 ms
[2019-08-12 20:00:52] [33mhttp[39m: GET /login [32m200[0m 84.408 ms
[2019-08-12 20:00:55] [33mhttp[39m: GET / [36m304[0m 84.895 ms
[2019-08-12 20:00:58] [33mhttp[39m: GET /articles/new [36m302[0m 8.107 ms
[2019-08-12 20:00:58] [33mhttp[39m: GET /login [32m200[0m 76.187 ms
[2019-08-12 20:01:20] [33mhttp[39m: GET /signup [32m200[0m 133.640 ms
[2019-08-12 20:01:39] [33mhttp[39m: POST /users [36m302[0m 16.506 ms
[2019-08-12 20:01:39] [33mhttp[39m: GET / [32m200[0m 166.586 ms
[2019-08-12 20:01:41] [33mhttp[39m: GET /articles/new [32m200[0m 123.041 ms
[2019-08-12 20:02:21] [33mhttp[39m: GET / [36m304[0m 241.461 ms
[2019-08-12 20:02:35] [33mhttp[39m: GET /signup [32m200[0m 129.506 ms
[2019-08-12 20:16:38] [33mhttp[39m: POST /users [36m302[0m 697306.573 ms
[2019-08-12 20:16:39] [33mhttp[39m: GET / [32m200[0m 208.318 ms
[2019-08-12 20:16:49] [33mhttp[39m: GET /articles/new [32m200[0m 123.694 ms
[2019-08-12 20:22:10] [33mhttp[39m: GET / [36m304[0m 311.751 ms
[2019-08-12 20:22:13] [33mhttp[39m: GET /articles/new [32m200[0m 121.578 ms
[2019-08-12 20:22:23] [33mhttp[39m: GET /signup [32m200[0m 216.582 ms
[2019-08-12 20:22:44] [33mhttp[39m: POST /users [36m302[0m 57.403 ms
[2019-08-12 20:22:44] [33mhttp[39m: GET / [36m304[0m 186.153 ms
[2019-08-12 20:22:46] [33mhttp[39m: GET /articles/new [32m200[0m 115.150 ms
[2019-08-12 20:24:44] [33mhttp[39m: GET / [36m304[0m 241.403 ms
[2019-08-12 20:24:45] [33mhttp[39m: GET /articles/new [32m200[0m 110.177 ms
[2019-08-12 20:25:01] [33mhttp[39m: GET / [32m200[0m 161.583 ms
[2019-08-12 20:25:02] [33mhttp[39m: GET /articles/new [36m302[0m 11.306 ms
[2019-08-12 20:25:03] [33mhttp[39m: GET /login [32m200[0m 107.877 ms
[2019-08-12 20:25:05] [33mhttp[39m: GET /signup [32m200[0m 93.682 ms
[2019-08-12 20:25:26] [33mhttp[39m: POST /users [36m302[0m 40.836 ms
[2019-08-12 20:25:26] [33mhttp[39m: GET / [36m304[0m 135.247 ms
[2019-08-12 20:25:27] [33mhttp[39m: GET /articles/new [36m302[0m 2.940 ms
[2019-08-12 20:25:28] [33mhttp[39m: GET /login [32m200[0m 88.972 ms
[2019-08-12 20:25:46] [33mhttp[39m: GET / [36m304[0m 231.499 ms
[2019-08-12 20:25:47] [33mhttp[39m: GET /articles/new [36m302[0m 8.443 ms
[2019-08-12 20:25:47] [33mhttp[39m: GET /login [32m200[0m 116.357 ms
[2019-08-12 20:26:00] [33mhttp[39m: POST /users/session [36m302[0m 5778.216 ms
[2019-08-12 20:26:00] [33mhttp[39m: GET /articles/new [32m200[0m 165.677 ms
[2019-08-12 20:41:48] [33mhttp[39m: GET /articles/new [32m200[0m 206.463 ms
[2019-08-12 20:45:57] [33mhttp[39m: GET /articles [32m200[0m 339.814 ms
[2019-08-12 20:46:07] [33mhttp[39m: GET /articles/new [32m200[0m 138.123 ms
[2019-08-12 20:50:01] [33mhttp[39m: POST /articles [0mundefined[0m - ms
[2019-08-12 20:53:13] [33mhttp[39m: POST /articles [0mundefined[0m - ms
[2019-08-12 20:53:53] [33mhttp[39m: GET /articles [32m200[0m 266.759 ms
[2019-08-12 20:54:20] [33mhttp[39m: GET /articles/new [32m200[0m 156.264 ms
[2019-08-12 20:54:25] [33mhttp[39m: GET /articles [32m200[0m 150.732 ms
[2019-08-12 20:54:29] [33mhttp[39m: GET /articles/new [32m200[0m 77.077 ms
[2019-08-12 20:54:36] [33mhttp[39m: GET /articles/5d5161347cded82438109fa0 [32m200[0m 122.590 ms
[2019-08-12 20:54:45] [33mhttp[39m: GET /articles/5d5161347cded82438109fa0 [32m200[0m 107.160 ms
[2019-08-12 20:57:02] [33mhttp[39m: GET /articles [36m304[0m 231.232 ms
[2019-08-13 09:49:07] [33mhttp[39m: GET /articles [32m200[0m 240.528 ms
[2019-08-13 09:50:06] [33mhttp[39m: GET /articles [32m200[0m 240.969 ms
[2019-08-13 09:51:50] [33mhttp[39m: GET /articles [36m304[0m 448.953 ms
[2019-08-13 10:04:40] [33mhttp[39m: GET /articles [36m304[0m 262.128 ms
[2019-08-13 10:13:05] [33mhttp[39m: GET /articles [36m304[0m 154.968 ms
[2019-08-13 10:13:12] [33mhttp[39m: GET /articles/new [36m302[0m 10.558 ms
[2019-08-13 10:13:12] [33mhttp[39m: GET /login [32m200[0m 81.476 ms
[2019-08-13 10:13:25] [33mhttp[39m: POST /users/session [36m302[0m 40.855 ms
[2019-08-13 10:13:25] [33mhttp[39m: GET /articles/new [32m200[0m 85.975 ms
[2019-08-13 10:13:32] [33mhttp[39m: POST /articles [36m302[0m 27.367 ms
[2019-08-13 10:13:32] [33mhttp[39m: GET /articles/5d521ccc80013a261b530449 [32m200[0m 114.082 ms
[2019-08-13 10:13:36] [33mhttp[39m: POST /articles/5d521ccc80013a261b530449/comments [36m302[0m 607.429 ms
[2019-08-13 10:13:36] [33mhttp[39m: GET /articles/5d521ccc80013a261b530449 [32m200[0m 112.110 ms
[2019-08-13 10:13:42] [33mhttp[39m: GET /articles/5d521ccc80013a261b530449 [32m200[0m 99.959 ms
[2019-08-13 10:13:45] [33mhttp[39m: GET /users/5d515423a5a5e82293f47cf9 [32m200[0m 108.960 ms
[2019-08-13 10:13:49] [33mhttp[39m: GET /articles/new [32m200[0m 133.598 ms
[2019-08-13 10:13:49] [33mhttp[39m: GET / [32m200[0m 137.357 ms
[2019-08-13 10:14:22] [33mhttp[39m: GET /?page=2 [32m200[0m 136.277 ms
[2019-08-13 10:14:23] [33mhttp[39m: GET /?page=3 [32m200[0m 103.036 ms
[2019-08-13 10:14:24] [33mhttp[39m: GET /?page=1 [32m200[0m 151.674 ms
[2019-08-13 10:14:25] [33mhttp[39m: GET /?page=2 [36m304[0m 127.595 ms
[2019-08-13 10:14:26] [33mhttp[39m: GET /?page=3 [36m304[0m 125.487 ms
[2019-08-13 10:14:27] [33mhttp[39m: GET /?page=3 [36m304[0m 146.680 ms
[2019-08-13 10:14:30] [33mhttp[39m: GET /?page=3 [36m304[0m 113.868 ms
[2019-08-13 10:14:31] [33mhttp[39m: GET /?page=2 [36m304[0m 111.819 ms
[2019-08-13 10:14:32] [33mhttp[39m: GET /?page=1 [36m304[0m 138.402 ms
[2019-08-13 10:14:33] [33mhttp[39m: GET /?page=3 [36m304[0m 129.994 ms
[2019-08-13 10:14:35] [33mhttp[39m: GET /?page=1 [36m304[0m 107.527 ms
[2019-08-13 10:14:36] [33mhttp[39m: GET /?page=2 [36m304[0m 88.092 ms
[2019-08-13 10:29:02] [33mhttp[39m: GET /?page=2 [36m304[0m 281.039 ms
[2019-08-13 10:35:54] [33mhttp[39m: GET /?page=2 [31m500[0m 161.343 ms
[2019-08-13 10:36:39] [33mhttp[39m: GET /?page=2 [32m200[0m 180.582 ms
[2019-08-13 10:38:26] [33mhttp[39m: GET /?page=2 [32m200[0m 146.969 ms
[2019-08-13 20:34:10] [33mhttp[39m: GET / [32m200[0m 216.914 ms
[2019-08-13 20:37:38] [33mhttp[39m: GET / [36m304[0m 174.931 ms
[2019-08-13 20:41:26] [33mhttp[39m: GET /?page=2 [32m200[0m 157.720 ms
[2019-08-13 20:41:27] [33mhttp[39m: GET /?page=3 [32m200[0m 123.289 ms
[2019-08-13 20:41:28] [33mhttp[39m: GET /?page=1 [32m200[0m 99.252 ms
[2019-08-13 20:45:06] [33mhttp[39m: GET /?page=2 [36m304[0m 120.105 ms
[2019-08-13 20:45:07] [33mhttp[39m: GET /?page=3 [36m304[0m 126.508 ms
[2019-08-13 20:55:19] [33mhttp[39m: GET /?page=3 [0mundefined[0m - ms
[2019-08-13 20:56:26] [33mhttp[39m: GET /?page=3 [0mundefined[0m - ms
[2019-08-13 20:56:58] [33mhttp[39m: GET /?page=3 [32m200[0m 282.322 ms
[2019-08-14 09:42:25] [33mhttp[39m: GET /?page=3 [36m304[0m 167.154 ms
[2019-08-14 09:43:41] [33mhttp[39m: GET /articles/5d515fb07cded82438109f9f [32m200[0m 142.596 ms
[2019-08-14 09:44:07] [33mhttp[39m: GET /tags/%E6%A0%87%E7%AD%BE [32m200[0m 118.213 ms
[2019-08-14 09:45:32] [33mhttp[39m: GET /tags/%E6%A0%87%E7%AD%BE [36m304[0m 94.628 ms
[2019-08-14 09:54:17] [33mhttp[39m: GET /?page=1 [36m304[0m 99.689 ms
[2019-08-14 09:54:22] [33mhttp[39m: GET /articles/5d521ccc80013a261b530449 [32m200[0m 94.819 ms
[2019-08-14 09:56:27] [33mhttp[39m: GET /articles/5d521ccc80013a261b530449 [32m200[0m 313.735 ms
[2019-08-14 10:04:32] [33mhttp[39m: GET /articles/5d521ccc80013a261b530449 [32m200[0m 281.480 ms
[2019-08-14 10:05:08] [33mhttp[39m: GET /articles/5d521ccc80013a261b530449 [32m200[0m 312.902 ms
[2019-08-14 10:06:19] [33mhttp[39m: GET /articles/5d521ccc80013a261b530449 [32m200[0m 210.330 ms
[2019-08-14 11:11:31] [33mhttp[39m: GET /?page=1 [36m304[0m 267.202 ms
[2019-08-14 11:16:19] [33mhttp[39m: GET /?page=1 [32m200[0m 203.413 ms
[2019-08-14 11:17:01] [33mhttp[39m: GET /?page=1 [32m200[0m 167.732 ms
[2019-08-14 11:17:46] [33mhttp[39m: GET /?page=1 [32m200[0m 154.516 ms
[2019-08-14 11:18:56] [33mhttp[39m: GET /?page=1 [32m200[0m 130.027 ms
[2019-08-14 11:19:38] [33mhttp[39m: GET /?page=1 [32m200[0m 118.074 ms
[2019-08-14 11:20:00] [33mhttp[39m: GET /?page=1 [32m200[0m 120.911 ms
[2019-08-14 11:20:13] [33mhttp[39m: GET /?page=1 [32m200[0m 120.986 ms
[2019-08-14 11:26:58] [33mhttp[39m: GET /?page=1 [31m500[0m 94.075 ms
[2019-08-14 11:27:19] [33mhttp[39m: GET /?page=1 [32m200[0m 131.995 ms
[2019-08-14 11:30:43] [33mhttp[39m: GET /?page=1 [32m200[0m 152.804 ms
[2019-08-14 11:30:53] [33mhttp[39m: GET /?page=2 [36m304[0m 133.490 ms
[2019-08-14 11:30:54] [33mhttp[39m: GET /?page=3 [36m304[0m 130.260 ms
[2019-08-14 11:30:55] [33mhttp[39m: GET /?page=3 [36m304[0m 108.164 ms
[2019-08-14 11:30:56] [33mhttp[39m: GET /?page=3 [36m304[0m 98.057 ms
[2019-08-14 11:30:57] [33mhttp[39m: GET /?page=2 [36m304[0m 98.933 ms
[2019-08-14 11:30:57] [33mhttp[39m: GET /?page=1 [36m304[0m 102.864 ms
[2019-08-14 11:30:59] [33mhttp[39m: GET /users/5d515423a5a5e82293f47cf9 [32m200[0m 68.900 ms
[2019-08-14 11:31:42] [33mhttp[39m: GET /?page=1 [36m304[0m 97.788 ms
[2019-08-14 11:33:32] [33mhttp[39m: GET /?page=1 [36m304[0m 107.855 ms
[2019-08-14 11:33:56] [33mhttp[39m: GET /?page=1 [36m304[0m 238.535 ms
[2019-08-14 11:34:18] [33mhttp[39m: GET /?page=1 [36m304[0m 179.352 ms
[2019-08-14 11:34:23] [33mhttp[39m: GET /?page=1 [36m304[0m 146.835 ms
[2019-08-14 11:34:30] [33mhttp[39m: GET /?page=1 [36m304[0m 229.164 ms
[2019-08-14 11:35:54] [33mhttp[39m: GET /?page=1 [32m200[0m 169.936 ms
[2019-08-14 11:35:57] [33mhttp[39m: GET / [32m200[0m 147.339 ms
[2019-08-14 11:36:01] [33mhttp[39m: GET / [36m304[0m 97.892 ms
[2019-08-14 11:36:03] [33mhttp[39m: GET /articles/new [36m302[0m 9.726 ms
[2019-08-14 11:36:03] [33mhttp[39m: GET /login [32m200[0m 86.350 ms
[2019-08-14 11:36:07] [33mhttp[39m: POST /users/session [36m302[0m 42.101 ms
[2019-08-14 11:36:07] [33mhttp[39m: GET /login [32m200[0m 72.171 ms
[2019-08-14 11:36:15] [33mhttp[39m: POST /users/session [36m302[0m 6.249 ms
[2019-08-14 11:36:15] [33mhttp[39m: GET /login [32m200[0m 79.165 ms
[2019-08-14 11:36:38] [33mhttp[39m: GET /login [32m200[0m 168.450 ms
[2019-08-14 11:36:41] [33mhttp[39m: POST /users/session [36m302[0m 46.264 ms
[2019-08-14 11:36:42] [33mhttp[39m: GET /login [32m200[0m 133.646 ms
[2019-08-14 11:36:48] [33mhttp[39m: POST /users/session [36m302[0m 8.550 ms
[2019-08-14 11:36:48] [33mhttp[39m: GET /login [32m200[0m 114.795 ms
[2019-08-14 11:36:55] [33mhttp[39m: GET /signup [32m200[0m 113.392 ms
[2019-08-14 11:37:17] [33mhttp[39m: POST /users [32m200[0m 98.138 ms
[2019-08-14 11:37:39] [33mhttp[39m: POST /users [36m302[0m 49.568 ms
[2019-08-14 11:37:39] [33mhttp[39m: GET / [32m200[0m 145.680 ms
[2019-08-14 11:37:46] [33mhttp[39m: GET /users/5d538203bdff1f4c55318f67 [32m200[0m 78.628 ms
[2019-08-14 11:37:50] [33mhttp[39m: GET /articles/new [32m200[0m 114.377 ms
[2019-08-14 11:37:51] [33mhttp[39m: GET /articles/new [32m200[0m 96.122 ms
[2019-08-14 11:37:53] [33mhttp[39m: GET /users/5d538203bdff1f4c55318f67 [36m304[0m 81.330 ms
[2019-08-14 11:37:57] [33mhttp[39m: GET /articles/new [32m200[0m 80.841 ms
[2019-08-14 11:39:02] [33mhttp[39m: POST /articles [36m302[0m 64.860 ms
[2019-08-14 11:39:02] [33mhttp[39m: GET /articles/5d538256bdff1f4c55318f6b [32m200[0m 162.682 ms
[2019-08-14 11:39:20] [33mhttp[39m: GET /tags/pug%20v2%20%E7%9B%B8%E5%85%B3%E8%AF%B4%E6%98%8E [32m200[0m 146.853 ms
[2019-08-14 11:39:33] [33mhttp[39m: POST /articles/5d538256bdff1f4c55318f6b/comments [36m302[0m 726.778 ms
[2019-08-14 11:39:33] [33mhttp[39m: GET /articles/5d538256bdff1f4c55318f6b [32m200[0m 122.398 ms
[2019-08-14 11:39:39] [33mhttp[39m: GET / [32m200[0m 117.481 ms
[2019-08-14 11:39:41] [33mhttp[39m: GET /logout [36m302[0m 6.488 ms
[2019-08-14 11:39:41] [33mhttp[39m: GET /login [32m200[0m 92.087 ms
[2019-08-14 11:39:45] [33mhttp[39m: GET /signup [32m200[0m 77.697 ms
[2019-08-14 11:40:02] [33mhttp[39m: POST /users [36m302[0m 10.279 ms
[2019-08-14 11:40:03] [33mhttp[39m: GET / [32m200[0m 162.638 ms
[2019-08-14 11:40:07] [33mhttp[39m: GET /users/5d538292bdff1f4c55318f6e [32m200[0m 81.228 ms
[2019-08-14 11:40:19] [33mhttp[39m: GET /users/5d538203bdff1f4c55318f67 [32m200[0m 96.094 ms
[2019-08-14 11:40:22] [33mhttp[39m: GET /tags/pug%20v2%20%E7%9B%B8%E5%85%B3%E8%AF%B4%E6%98%8E [32m200[0m 111.758 ms
[2019-08-14 11:40:27] [33mhttp[39m: GET /articles/5d538256bdff1f4c55318f6b [32m200[0m 114.605 ms
[2019-08-14 11:41:04] [33mhttp[39m: POST /articles/5d538256bdff1f4c55318f6b/comments [36m302[0m 33.343 ms
[2019-08-14 11:41:04] [33mhttp[39m: GET /articles/5d538256bdff1f4c55318f6b [32m200[0m 120.995 ms
[2019-08-14 11:41:09] [33mhttp[39m: GET / [36m304[0m 105.842 ms
[2019-08-14 11:41:11] [33mhttp[39m: GET / [36m304[0m 108.194 ms
[2019-08-14 11:41:14] [33mhttp[39m: GET /tags/pug%20v2%20%E7%9B%B8%E5%85%B3%E8%AF%B4%E6%98%8E [36m304[0m 98.495 ms
[2019-08-14 11:41:17] [33mhttp[39m: GET /articles/5d538256bdff1f4c55318f6b [32m200[0m 97.162 ms
[2019-08-14 11:41:33] [33mhttp[39m: GET /articles/new [32m200[0m 76.861 ms
[2019-08-14 11:42:10] [33mhttp[39m: POST /articles [33m422[0m 89.023 ms
[2019-08-14 11:42:59] [33mhttp[39m: POST /articles [33m422[0m 74.421 ms
[2019-08-14 11:43:34] [33mhttp[39m: POST /articles [36m302[0m 13.905 ms
[2019-08-14 11:43:34] [33mhttp[39m: GET /articles/5d538366bdff1f4c55318f73 [32m200[0m 83.512 ms
[2019-08-14 11:43:44] [33mhttp[39m: GET /tags/pug%20v2%20%E7%9B%B8%E5%85%B3%E8%AF%B4%E6%98%8E [36m304[0m 84.119 ms
[2019-08-14 11:43:49] [33mhttp[39m: GET / [32m200[0m 110.704 ms
[2019-08-14 11:43:52] [33mhttp[39m: GET /?page=2 [32m200[0m 99.830 ms
[2019-08-14 11:46:04] [33mhttp[39m: GET /articles/new [32m200[0m 141.562 ms
[2019-08-14 11:46:36] [33mhttp[39m: POST /articles [36m302[0m 17.295 ms
[2019-08-14 11:46:37] [33mhttp[39m: GET /articles/5d53841cbdff1f4c55318f75 [32m200[0m 163.050 ms
[2019-08-14 11:46:44] [33mhttp[39m: GET / [32m200[0m 117.503 ms
[2019-08-14 11:46:47] [33mhttp[39m: GET /?page=3 [32m200[0m 116.227 ms
[2019-08-14 11:46:49] [33mhttp[39m: GET /?page=2 [32m200[0m 106.896 ms
[2019-08-14 11:46:50] [33mhttp[39m: GET /?page=1 [32m200[0m 112.386 ms
[2019-08-14 11:46:51] [33mhttp[39m: GET /?page=2 [36m304[0m 95.818 ms
[2019-08-14 11:46:52] [33mhttp[39m: GET /?page=3 [36m304[0m 99.441 ms
[2019-08-14 11:46:53] [33mhttp[39m: GET /?page=1 [36m304[0m 75.357 ms
[2019-08-14 11:47:04] [33mhttp[39m: GET /articles/5d53841cbdff1f4c55318f75 [32m200[0m 114.758 ms
[2019-08-14 11:47:34] [33mhttp[39m: POST /articles/5d53841cbdff1f4c55318f75/comments [36m302[0m 25.510 ms
[2019-08-14 11:47:34] [33mhttp[39m: GET /articles/5d53841cbdff1f4c55318f75 [32m200[0m 114.295 ms
[2019-08-14 11:49:59] [33mhttp[39m: GET /?page=1 [36m304[0m 109.406 ms
[2019-08-14 11:50:01] [33mhttp[39m: GET /articles/5d53841cbdff1f4c55318f75 [32m200[0m 76.518 ms
[2019-08-14 16:35:39] [33mhttp[39m: GET /articles/5d53841cbdff1f4c55318f75 [32m200[0m 264.616 ms
[2019-08-14 16:35:43] [33mhttp[39m: GET / [32m200[0m 161.881 ms
[2019-08-14 16:35:48] [33mhttp[39m: GET /?page=2 [32m200[0m 98.755 ms
[2019-08-14 16:35:48] [33mhttp[39m: GET /?page=3 [32m200[0m 71.022 ms
[2019-08-14 16:35:49] [33mhttp[39m: GET /?page=3 [36m304[0m 61.754 ms
[2019-08-14 16:35:51] [33mhttp[39m: GET /?page=2 [36m304[0m 68.954 ms
[2019-08-14 16:35:52] [33mhttp[39m: GET /?page=3 [36m304[0m 62.608 ms
[2019-08-14 16:35:53] [33mhttp[39m: GET /?page=1 [32m200[0m 54.284 ms
[2019-08-14 16:37:11] [33mhttp[39m: GET / [36m304[0m 88.765 ms
[2019-08-14 16:39:06] [33mhttp[39m: GET / [32m200[0m 139.453 ms
[2019-08-14 16:39:09] [33mhttp[39m: GET /favicon.ico [33m404[0m 9.034 ms
[2019-08-14 16:39:14] [33mhttp[39m: GET / [36m304[0m 59.000 ms
[2019-08-14 16:39:18] [33mhttp[39m: GET /login [32m200[0m 53.344 ms
[2019-08-14 16:39:36] [33mhttp[39m: GET /signup [32m200[0m 62.329 ms
[2019-08-14 16:39:43] [33mhttp[39m: GET /signup [32m200[0m 46.268 ms
[2019-08-14 16:40:21] [33mhttp[39m: POST /users [36m302[0m 43.249 ms
[2019-08-14 16:40:21] [33mhttp[39m: GET / [32m200[0m 67.845 ms
[2019-08-14 16:40:56] [33mhttp[39m: GET /login [32m200[0m 117.971 ms
[2019-08-14 16:41:00] [33mhttp[39m: POST /users/session [36m302[0m 7.955 ms
[2019-08-14 16:41:03] [33mhttp[39m: GET /articles/5d53841cbdff1f4c55318f75 [32m200[0m 142.302 ms
[2019-08-14 16:41:05] [33mhttp[39m: GET /users/5d538203bdff1f4c55318f67 [32m200[0m 61.658 ms
[2019-08-14 16:41:13] [33mhttp[39m: GET /?page=2 [32m200[0m 91.807 ms
[2019-08-14 16:41:14] [33mhttp[39m: GET /?page=3 [32m200[0m 72.927 ms
[2019-08-14 16:41:16] [33mhttp[39m: GET /?page=3 [32m200[0m 123.248 ms
[2019-08-14 16:41:19] [33mhttp[39m: GET /users/5d538203bdff1f4c55318f67 [32m200[0m 67.452 ms
[2019-08-14 16:41:21] [33mhttp[39m: GET /articles/5d538256bdff1f4c55318f6b [32m200[0m 118.854 ms
[2019-08-14 16:41:28] [33mhttp[39m: POST /articles/5d538256bdff1f4c55318f6b/comments [36m302[0m 344.800 ms
[2019-08-14 16:41:28] [33mhttp[39m: GET /articles/5d538256bdff1f4c55318f6b [32m200[0m 141.851 ms
[2019-08-14 16:41:38] [33mhttp[39m: GET /?page=2 [36m304[0m 115.347 ms
[2019-08-14 16:41:39] [33mhttp[39m: GET /?page=3 [36m304[0m 111.296 ms
[2019-08-14 16:41:44] [33mhttp[39m: GET /articles/5d538256bdff1f4c55318f6b [32m200[0m 79.116 ms
[2019-08-14 17:20:25] [33mhttp[39m: GET /?page=2 [32m200[0m 100.696 ms
[2019-08-14 17:20:28] [33mhttp[39m: GET /articles/new [32m200[0m 65.728 ms
[2019-08-14 17:21:40] [33mhttp[39m: POST /articles [36m302[0m 17.818 ms
[2019-08-14 17:21:40] [33mhttp[39m: GET /articles/5d53d2a418bc35517d2d69d5 [32m200[0m 114.234 ms
[2019-08-14 17:21:47] [33mhttp[39m: GET / [32m200[0m 71.573 ms
[2019-08-14 17:21:55] [33mhttp[39m: GET /tags/%E5%A4%9A%E6%9D%A5%E5%87%A0%E4%B8%AA [32m200[0m 67.060 ms
[2019-08-14 17:22:01] [33mhttp[39m: GET /tags/%E5%AD%A6%E4%B9%A0%E5%90%A7 [32m200[0m 58.754 ms
[2019-08-14 17:22:07] [33mhttp[39m: GET /tags/%E5%93%88%E5%93%88%E5%93%88 [32m200[0m 94.388 ms
[2019-08-14 17:22:13] [33mhttp[39m: GET /articles/5d53d2a418bc35517d2d69d5 [32m200[0m 128.188 ms
[2019-08-14 17:22:29] [33mhttp[39m: GET / [32m200[0m 142.110 ms
[2019-08-14 17:22:37] [33mhttp[39m: GET /articles/5d53d2a418bc35517d2d69d5 [32m200[0m 118.285 ms
[2019-08-14 17:22:45] [33mhttp[39m: POST /articles/5d53d2a418bc35517d2d69d5/comments [36m302[0m 31.520 ms
[2019-08-14 17:22:45] [33mhttp[39m: GET /articles/5d53d2a418bc35517d2d69d5 [32m200[0m 104.217 ms
[2019-08-14 17:22:48] [33mhttp[39m: GET /articles/5d53d2a418bc35517d2d69d5 [32m200[0m 84.157 ms
[2019-08-14 17:22:54] [33mhttp[39m: POST /articles/5d53d2a418bc35517d2d69d5/comments [36m302[0m 21.893 ms
[2019-08-14 17:22:54] [33mhttp[39m: GET /articles/5d53d2a418bc35517d2d69d5 [32m200[0m 124.674 ms
[2019-08-14 17:23:01] [33mhttp[39m: GET /articles/5d53d2a418bc35517d2d69d5 [32m200[0m 128.431 ms
[2019-08-14 17:36:14] [33mhttp[39m: GET /articles/5d53d2a418bc35517d2d69d5 [32m200[0m 236.417 ms
[2019-08-14 17:36:25] [33mhttp[39m: POST /articles/5d53d2a418bc35517d2d69d5/comments [36m302[0m 986.168 ms
[2019-08-14 17:36:25] [33mhttp[39m: GET /articles/5d53d2a418bc35517d2d69d5 [32m200[0m 140.016 ms
[2019-08-14 17:40:03] [33mhttp[39m: GET /articles/5d53d2a418bc35517d2d69d5 [32m200[0m 248.458 ms
[2019-08-14 17:49:45] [33mhttp[39m: POST /articles/5d53d2a418bc35517d2d69d5/comments [36m302[0m 573017.365 ms
[2019-08-14 17:50:29] [33mhttp[39m: POST /articles/5d53d2a418bc35517d2d69d5/comments [36m302[0m 43498.364 ms
[2019-08-14 17:50:29] [33mhttp[39m: GET /articles/5d53d2a418bc35517d2d69d5 [32m200[0m 190.324 ms
[2019-08-14 17:50:33] [33mhttp[39m: GET /articles/5d53d2a418bc35517d2d69d5 [32m200[0m 160.685 ms
[2019-08-14 17:51:14] [33mhttp[39m: POST /articles/5d53d2a418bc35517d2d69d5/comments [36m302[0m 15.441 ms
[2019-08-14 17:51:14] [33mhttp[39m: GET /login [32m200[0m 123.213 ms
[2019-08-14 17:51:17] [33mhttp[39m: GET /login [32m200[0m 110.660 ms
[2019-08-14 17:51:21] [33mhttp[39m: POST /users/session [36m302[0m 8.336 ms
[2019-08-14 17:51:21] [33mhttp[39m: GET / [36m304[0m 140.941 ms
[2019-08-14 17:51:29] [33mhttp[39m: GET / [36m304[0m 145.590 ms
[2019-08-14 17:51:33] [33mhttp[39m: GET /users/5d538203bdff1f4c55318f67 [36m304[0m 74.111 ms
[2019-08-14 17:51:39] [33mhttp[39m: GET /articles/5d53d2a418bc35517d2d69d5 [32m200[0m 101.426 ms
[2019-08-14 18:03:15] [33mhttp[39m: POST /articles/5d53d2a418bc35517d2d69d5/comments [36m302[0m 666738.213 ms
[2019-08-14 18:03:22] [33mhttp[39m: POST /articles/5d53d2a418bc35517d2d69d5/comments [36m302[0m 2410.698 ms
[2019-08-14 18:03:23] [33mhttp[39m: GET /articles/5d53d2a418bc35517d2d69d5 [32m200[0m 177.046 ms
[2019-08-14 18:03:44] [33mhttp[39m: GET /articles/5d53d2a418bc35517d2d69d5 [32m200[0m 245.945 ms
[2019-08-14 18:03:49] [33mhttp[39m: GET / [36m304[0m 146.601 ms
